<?xml version="1.0" encoding="UTF-8"?>
<testsuite name="reversi.ReversiGameBoardTest" tests="5" skipped="0" failures="0" errors="0" timestamp="2023-08-13T22:36:23" hostname="DESKTOP-U5FJROT" time="0.004">
  <properties/>
  <testcase name="findNoOfHorizontalFlipsTest" classname="reversi.ReversiGameBoardTest" time="0.002"/>
  <testcase name="findScoreTest" classname="reversi.ReversiGameBoardTest" time="0.0"/>
  <testcase name="findNoOfLeftDiagonalFlipsTest" classname="reversi.ReversiGameBoardTest" time="0.0"/>
  <testcase name="findNoOfVerticalFlipsTest" classname="reversi.ReversiGameBoardTest" time="0.0"/>
  <testcase name="findNoOfRightDiagonalFlipsTest" classname="reversi.ReversiGameBoardTest" time="0.0"/>
  <system-out><![CDATA[]]></system-out>
  <system-err><![CDATA[]]></system-err>
</testsuite>
