<?xml version="1.0" encoding="UTF-8"?>
<testsuite name="reversi.FlipppedTilesTest" tests="4" skipped="0" failures="0" errors="0" timestamp="2023-08-13T22:36:23" hostname="DESKTOP-U5FJROT" time="0.018">
  <properties/>
  <testcase name="findHorizontalFlippedTilesTest" classname="reversi.FlipppedTilesTest" time="0.016"/>
  <testcase name="findVerticalFlippedTilesTest" classname="reversi.FlipppedTilesTest" time="0.0"/>
  <testcase name="findRightDiagonalFlippedTilesTest" classname="reversi.FlipppedTilesTest" time="0.0"/>
  <testcase name="findLeftDiagonalFlippedTilesTest" classname="reversi.FlipppedTilesTest" time="0.001"/>
  <system-out><![CDATA[]]></system-out>
  <system-err><![CDATA[]]></system-err>
</testsuite>
